<?xml version="1.0" encoding="UTF-8"?>
<!-- Generated by org.testng.reporters.JUnitReportReporter -->
<testsuite hostname="LAPTOP-23U6PE29" failures="0" tests="1" name="com.tests.dynamicTableTest" time="11.257" errors="0" timestamp="2024-02-28T11:48:40 IST" skipped="0">
  <testcase classname="com.tests.dynamicTableTest" name="tc01VerifyDynamicTable" time="11.257"/>
</testsuite> <!-- com.tests.dynamicTableTest -->
